<?xml version="1.0" encoding="UTF-8"?>
<testsuite name="Create an user on Reqres.in" tests="1" skipped="0" failures="0" errors="0" timestamp="2020-06-09T02:18:30" hostname="LAPTOP-NPPA3HE5" time="8.679">
  <properties/>
  <testcase name="Creation an user" classname="Create an user on Reqres.in" time="8.679"/>
  <system-out><![CDATA[]]></system-out>
  <system-err><![CDATA[[Test worker] WARN net.thucydides.core.steps.BaseStepListener - stepStarted: net.thucydides.core.steps.ExecutedStepDescription@35e573e5
[Test worker] WARN net.thucydides.core.steps.BaseStepListener - stepStarted: net.thucydides.core.steps.ExecutedStepDescription@62e7d1d
[Test worker] WARN net.thucydides.core.steps.BaseStepListener - stepStarted: net.thucydides.core.steps.ExecutedStepDescription@63d0c4d2
[Test worker] WARN net.thucydides.core.steps.BaseStepListener - stepStarted: net.thucydides.core.steps.ExecutedStepDescription@560e6f3a
[Test worker] WARN net.thucydides.core.steps.BaseStepListener - stepStarted: net.thucydides.core.steps.ExecutedStepDescription@373e67ef
[Test worker] WARN net.thucydides.core.steps.BaseStepListener - stepFinished: current outcome:Creation an user:When you create an user
| name | job |
| brandon | java | [Brandon create user rest [Brandon with post [brandon executes a POST on the resource /api/users [POST https://reqres.in/api/users]]]]
[Test worker] WARN net.thucydides.core.steps.BaseStepListener - stepFinished: current outcome:Creation an user:When you create an user
| name | job |
| brandon | java | [Brandon create user rest [Brandon with post [brandon executes a POST on the resource /api/users [POST https://reqres.in/api/users]]]]
[Test worker] WARN net.thucydides.core.steps.BaseStepListener - stepFinished: current outcome:Creation an user:When you create an user
| name | job |
| brandon | java | [Brandon create user rest [Brandon with post [brandon executes a POST on the resource /api/users [POST https://reqres.in/api/users]]]]
[Test worker] WARN net.thucydides.core.steps.BaseStepListener - stepFinished: current outcome:Creation an user:When you create an user
| name | job |
| brandon | java | [Brandon create user rest [Brandon with post [brandon executes a POST on the resource /api/users [POST https://reqres.in/api/users]]]]
[Test worker] WARN net.thucydides.core.steps.BaseStepListener - stepFinished: current outcome:Creation an user:When you create an user
| name | job |
| brandon | java | [Brandon create user rest [Brandon with post [brandon executes a POST on the resource /api/users [POST https://reqres.in/api/users]]]]
[Test worker] WARN net.thucydides.core.steps.BaseStepListener - stepStarted: net.thucydides.core.steps.ExecutedStepDescription@20379e3
[Test worker] WARN net.thucydides.core.steps.BaseStepListener - stepStarted: net.thucydides.core.steps.ExecutedStepDescription@2148e146
[Test worker] WARN net.thucydides.core.steps.BaseStepListener - stepFinished: current outcome:Creation an user:When you create an user
| name | job |
| brandon | java | [Brandon create user rest [Brandon with post [brandon executes a POST on the resource /api/users [POST https://reqres.in/api/users]]]], Then I should see the user created [Then last response status code]
[Test worker] WARN net.thucydides.core.steps.BaseStepListener - stepFinished: current outcome:Creation an user:When you create an user
| name | job |
| brandon | java | [Brandon create user rest [Brandon with post [brandon executes a POST on the resource /api/users [POST https://reqres.in/api/users]]]], Then I should see the user created [Then last response status code]
[Test worker] WARN net.thucydides.core.steps.BaseStepListener - testFinished: Creation an user:When you create an user
| name | job |
| brandon | java | [Brandon create user rest [Brandon with post [brandon executes a POST on the resource /api/users [POST https://reqres.in/api/users]]]], Then I should see the user created [Then last response status code]
[Test worker] WARN net.thucydides.core.steps.BaseStepListener - TestOutcomes: [Creation an user:When you create an user
| name | job |
| brandon | java | [Brandon create user rest [Brandon with post [brandon executes a POST on the resource /api/users [POST https://reqres.in/api/users]]]], Then I should see the user created [Then last response status code]]
[Test worker] WARN net.thucydides.core.steps.BaseStepListener - Final testOutcomes: [Creation an user:When you create an user
| name | job |
| brandon | java | [Brandon create user rest [Brandon with post [brandon executes a POST on the resource /api/users [POST https://reqres.in/api/users]]]], Then I should see the user created [Then last response status code]]
[Test worker] INFO net.thucydides.core.steps.ConsoleLoggingListener - 
        __    _____ _____ ____ _____   ____   _    ____  ____  _____ ____  
  _     \ \  |_   _| ____/ ___|_   _| |  _ \ / \  / ___|/ ___|| ____|  _ \ 
 (_)_____| |   | | |  _| \___ \ | |   | |_) / _ \ \___ \\___ \|  _| | | | |
  _|_____| |   | | | |___ ___) || |   |  __/ ___ \ ___) |___) | |___| |_| |
 (_)     | |   |_| |_____|____/ |_|   |_| /_/   \_\____/|____/|_____|____/ 
        /_/                                                                

TEST PASSED: Creation an user
----------------------------------------------------------------------------
]]></system-err>
</testsuite>
